manifest-merger-release-report.txt
-- Merging decision tree log ---
manifest
ADDED from AndroidManifest.xml:2:1
	xmlns:android
		ADDED from AndroidManifest.xml:2:11
	package
		ADDED from AndroidManifest.xml:2:70
		INJECTED from AndroidManifest.xml:0:0
		INJECTED from AndroidManifest.xml:0:0
	android:versionName
		ADDED from AndroidManifest.xml:2:101
	android:versionCode
		ADDED from AndroidManifest.xml:2:131
		INJECTED from AndroidManifest.xml:0:0
		INJECTED from AndroidManifest.xml:0:0
	android:installLocation
		ADDED from AndroidManifest.xml:2:164
supports-screens
ADDED from AndroidManifest.xml:3:1
	android:largeScreens
		ADDED from AndroidManifest.xml:3:76
	android:anyDensity
		ADDED from AndroidManifest.xml:3:133
	android:normalScreens
		ADDED from AndroidManifest.xml:3:47
	android:xlargeScreens
		ADDED from AndroidManifest.xml:3:104
	android:smallScreens
		ADDED from AndroidManifest.xml:3:19
application
ADDED from AndroidManifest.xml:4:1
MERGED from com.android.support:support-v4:23.4.0:22:5
	android:label
		ADDED from AndroidManifest.xml:6:5
	android:icon
		ADDED from AndroidManifest.xml:5:5
activity#com.richer.color.erp.MainActivity
ADDED from AndroidManifest.xml:7:5
	android:screenOrientation
		ADDED from AndroidManifest.xml:7:97
	android:label
		ADDED from AndroidManifest.xml:7:15
	android:configChanges
		ADDED from AndroidManifest.xml:7:166
	android:name
		ADDED from AndroidManifest.xml:7:48
	android:launchMode
		ADDED from AndroidManifest.xml:7:134
intent-filter#android.intent.action.MAIN+android.intent.category.LAUNCHER+android.intent.category.LEANBACK_LAUNCHER
ADDED from AndroidManifest.xml:8:9
action#android.intent.action.MAIN
ADDED from AndroidManifest.xml:9:13
	android:name
		ADDED from AndroidManifest.xml:9:21
category#android.intent.category.LAUNCHER
ADDED from AndroidManifest.xml:10:13
	android:name
		ADDED from AndroidManifest.xml:10:23
category#android.intent.category.LEANBACK_LAUNCHER
ADDED from AndroidManifest.xml:11:13
	android:name
		ADDED from AndroidManifest.xml:11:23
meta-data#unityplayer.UnityActivity
ADDED from AndroidManifest.xml:13:9
	android:name
		ADDED from AndroidManifest.xml:13:20
	android:value
		ADDED from AndroidManifest.xml:13:61
meta-data#unityplayer.ForwardNativeEventsToDalvik
ADDED from AndroidManifest.xml:14:9
	android:name
		ADDED from AndroidManifest.xml:14:20
	android:value
		ADDED from AndroidManifest.xml:14:75
activity#com.richer.color.erp.WebViewActivity
ADDED from AndroidManifest.xml:16:5
	android:name
		ADDED from AndroidManifest.xml:17:9
receiver#com.shanggame.net.util.XNotificationReceiver
ADDED from AndroidManifest.xml:19:5
	android:exported
		ADDED from AndroidManifest.xml:19:15
	android:name
		ADDED from AndroidManifest.xml:19:40
intent-filter#android.intent.action.XPUSH
ADDED from AndroidManifest.xml:20:9
action#android.intent.action.XPUSH
ADDED from AndroidManifest.xml:21:13
	android:name
		ADDED from AndroidManifest.xml:21:21
uses-sdk
ADDED from AndroidManifest.xml:26:1
MERGED from com.android.support:support-v4:23.4.0:20:5
	android:targetSdkVersion
		ADDED from AndroidManifest.xml:26:38
		INJECTED from AndroidManifest.xml:0:0
		INJECTED from AndroidManifest.xml:0:0
	android:minSdkVersion
		ADDED from AndroidManifest.xml:26:11
		INJECTED from AndroidManifest.xml:0:0
		INJECTED from AndroidManifest.xml:0:0
uses-feature#0x00020000
ADDED from AndroidManifest.xml:27:1
	android:glEsVersion
		ADDED from AndroidManifest.xml:27:15
uses-permission#android.permission.INTERNET
ADDED from AndroidManifest.xml:28:1
	android:name
		ADDED from AndroidManifest.xml:28:18
uses-permission#android.permission.WRITE_EXTERNAL_STORAGE
ADDED from AndroidManifest.xml:29:1
	android:name
		ADDED from AndroidManifest.xml:29:18
uses-feature#android.hardware.touchscreen
ADDED from AndroidManifest.xml:30:1
	android:required
		ADDED from AndroidManifest.xml:30:59
	android:name
		ADDED from AndroidManifest.xml:30:15
uses-feature#android.hardware.touchscreen.multitouch
ADDED from AndroidManifest.xml:31:1
	android:required
		ADDED from AndroidManifest.xml:31:70
	android:name
		ADDED from AndroidManifest.xml:31:15
uses-feature#android.hardware.touchscreen.multitouch.distinct
ADDED from AndroidManifest.xml:32:1
	android:required
		ADDED from AndroidManifest.xml:32:79
	android:name
		ADDED from AndroidManifest.xml:32:15
uses-permission#android.permission.WAKE_LOCK
ADDED from AndroidManifest.xml:33:1
	android:name
		ADDED from AndroidManifest.xml:33:18
uses-permission#android.permission.GET_TASKS
ADDED from AndroidManifest.xml:34:1
	android:name
		ADDED from AndroidManifest.xml:34:18
uses-permission#android.permission.ACCESS_NETWORK_STATE
ADDED from AndroidManifest.xml:35:1
	android:name
		ADDED from AndroidManifest.xml:35:18
uses-permission#android.permission.READ_PHONE_STATE
ADDED from AndroidManifest.xml:36:1
	android:name
		ADDED from AndroidManifest.xml:36:18
uses-permission#android.permission.CAMERA
ADDED from AndroidManifest.xml:37:1
	android:name
		ADDED from AndroidManifest.xml:37:18
uses-permission#android.permission.MOUNT_UNMOUNT_FILESYSTEMS
ADDED from AndroidManifest.xml:39:1
	android:name
		ADDED from AndroidManifest.xml:39:18
uses-permission#android.permission.ACCESS_FINE_LOCATION
ADDED from AndroidManifest.xml:42:1
	android:name
		ADDED from AndroidManifest.xml:42:18
uses-permission#android.permission.ACCESS_COARSE_LOCATION
ADDED from AndroidManifest.xml:43:1
	android:name
		ADDED from AndroidManifest.xml:43:18